#
# There is insufficient memory for the Java Runtime Environment to continue.
# Native memory allocation (mmap) failed to map 469762048 bytes for G1 virtual space
# Possible reasons:
#   The system is out of physical RAM or swap space
#   The process is running with CompressedOops enabled, and the Java Heap may be blocking the growth of the native heap
# Possible solutions:
#   Reduce memory load on the system
#   Increase physical memory or swap space
#   Check if swap backing store is full
#   Decrease Java heap size (-Xmx/-Xms)
#   Decrease number of Java threads
#   Decrease Java thread stack sizes (-Xss)
#   Set larger code cache with -XX:ReservedCodeCacheSize=
#   JVM is running with Zero Based Compressed Oops mode in which the Java heap is
#     placed in the first 32GB address space. The Java Heap base address is the
#     maximum limit for the native heap growth. Please use -XX:HeapBaseMinAddress
#     to set the Java Heap base and to place the Java Heap above 32GB virtual address.
# This output file may be truncated or incomplete.
#
#  Out of Memory Error (os_windows.cpp:3535), pid=7628, tid=24676
#
# JRE version: OpenJDK Runtime Environment Zulu17.34+19-CA (17.0.3+7) (build 17.0.3+7-LTS)
# Java VM: OpenJDK 64-Bit Server VM Zulu17.34+19-CA (17.0.3+7-LTS, mixed mode, sharing, tiered, compressed oops, compressed class ptrs, g1 gc, windows-amd64)
# No core dump will be written. Minidumps are not enabled by default on client versions of Windows
#

---------------  S U M M A R Y ------------

Command Line: -Xmx9g -XX:+IgnoreUnrecognizedVMOptions --add-opens=java.base/java.lang=ALL-UNNAMED --add-opens=java.base/java.lang.invoke=ALL-UNNAMED --add-opens=java.base/java.lang.reflect=ALL-UNNAMED --add-opens=java.base/java.io=ALL-UNNAMED --add-opens=java.base/java.net=ALL-UNNAMED --add-opens=java.base/java.nio=ALL-UNNAMED --add-opens=java.base/java.util=ALL-UNNAMED --add-opens=java.base/java.util.concurrent=ALL-UNNAMED --add-opens=java.base/java.util.concurrent.atomic=ALL-UNNAMED --add-opens=java.base/sun.nio.ch=ALL-UNNAMED --add-opens=java.base/sun.nio.cs=ALL-UNNAMED --add-opens=java.base/sun.security.action=ALL-UNNAMED --add-opens=java.base/sun.util.calendar=ALL-UNNAMED --add-opens=java.security.jgss/sun.security.krb5=ALL-UNNAMED -Djdk.reflect.useDirectMethodHandle=false org.apache.spark.deploy.SparkSubmit --conf spark.executor.memory=9g --conf spark.driver.memory=9g --conf spark.local.dir=D:/spark_tmp --conf spark.driver.maxResultSize=5g --conf spark.app.name=voice_metadata integrating operation --conf spark.pyspark.python=C:/Users/admin/anaconda3/envs/my_conda_01/python.exe pyspark-shell

Host: AMD Ryzen 5 5600G with Radeon Graphics         , 12 cores, 27G,  Windows 10 , 64 bit Build 19041 (10.0.19041.3636)
Time: Mon Dec 18 19:51:44 2023  Windows 10 , 64 bit Build 19041 (10.0.19041.3636) elapsed time: 219.832829 seconds (0d 0h 3m 39s)

---------------  T H R E A D  ---------------

Current thread (0x0000011252b1aec0):  VMThread "VM Thread" [stack: 0x0000000644100000,0x0000000644200000] [id=24676]

Stack: [0x0000000644100000,0x0000000644200000]
Native frames: (J=compiled Java code, j=interpreted, Vv=VM code, C=native code)
V  [jvm.dll+0x67aeca]
V  [jvm.dll+0x836504]
V  [jvm.dll+0x837cae]
V  [jvm.dll+0x838313]
V  [jvm.dll+0x248cc5]
V  [jvm.dll+0x677de9]
V  [jvm.dll+0x66c722]
V  [jvm.dll+0x307abb]
V  [jvm.dll+0x30efc6]
V  [jvm.dll+0x35f65e]
V  [jvm.dll+0x35f88f]
V  [jvm.dll+0x2dea28]
V  [jvm.dll+0x2dccf4]
V  [jvm.dll+0x2dc2fc]
V  [jvm.dll+0x32007b]
V  [jvm.dll+0x83c7eb]
V  [jvm.dll+0x83d524]
V  [jvm.dll+0x83da3d]
V  [jvm.dll+0x83de14]
V  [jvm.dll+0x83dee0]
V  [jvm.dll+0x7e62ea]
V  [jvm.dll+0x679d55]
C  [ucrtbase.dll+0x21bb2]
C  [KERNEL32.DLL+0x17344]
C  [ntdll.dll+0x526b1]

VM_Operation (0x00000006493fe1b0): G1CollectForAllocation, mode: safepoint, requested by thread 0x00000112557b3820


---------------  P R O C E S S  ---------------

Threads class SMR info:
_java_thread_list=0x0000011254876620, length=82, elements={
0x0000011221cd6060, 0x0000011252b22e50, 0x0000011252b23be0, 0x0000011252b366f0,
0x000001125389a0d0, 0x000001125389a9a0, 0x000001125389b270, 0x000001125389bf20,
0x000001125389c8e0, 0x00000112538fe530, 0x0000011253ac9fc0, 0x0000011253aca8b0,
0x0000011255d2c920, 0x00000112559bd880, 0x000001125565d300, 0x000001125565a060,
0x000001125565b4a0, 0x000001125565bec0, 0x000001125565a570, 0x000001125565aa80,
0x000001125565af90, 0x000001125565cdf0, 0x000001125565b9b0, 0x000001125565c3d0,
0x000001125565c8e0, 0x00000112547a6300, 0x00000112547a58e0, 0x00000112547ab910,
0x00000112547ac840, 0x00000112547abe20, 0x00000112547a53d0, 0x00000112547a6d20,
0x00000112547a7230, 0x00000112547a7740, 0x00000112547a8b80, 0x00000112547a8670,
0x00000112547a95a0, 0x00000112547ab400, 0x00000112547acd50, 0x00000112547a5df0,
0x00000112547a8160, 0x00000112547a6810, 0x00000112547aaef0, 0x00000112547a9fc0,
0x00000112547a9ab0, 0x00000112547a9090, 0x00000112547aa4d0, 0x00000112547aa9e0,
0x0000011257f848e0, 0x0000011257f82060, 0x0000011257f899e0, 0x0000011257f88fc0,
0x0000011257f85810, 0x0000011257f894d0, 0x0000011257f86c50, 0x0000011257f88ab0,
0x0000011257f85d20, 0x0000011257f84df0, 0x0000011257f82570, 0x0000011257f885a0,
0x0000011257f82a80, 0x0000011257f839b0, 0x0000011257f834a0, 0x0000011257f82f90,
0x00000112557b0a90, 0x00000112557b5b90, 0x00000112557b4240, 0x00000112557b65b0,
0x00000112557b1ed0, 0x00000112557b3d30, 0x00000112557b2e00, 0x00000112557b3310,
0x00000112557b0580, 0x00000112557b23e0, 0x00000112557b3820, 0x00000112557af650,
0x00000112557b28f0, 0x000001125e41a860, 0x000001125e4175c0, 0x000001125e417fe0,
0x00000112614f6e70, 0x00000112614f7910
}

Java Threads: ( => current thread )
  0x0000011221cd6060 JavaThread "main" [_thread_in_native, id=20188, stack(0x0000000643b00000,0x0000000643c00000)]
  0x0000011252b22e50 JavaThread "Reference Handler" daemon [_thread_blocked, id=28624, stack(0x0000000644200000,0x0000000644300000)]
  0x0000011252b23be0 JavaThread "Finalizer" daemon [_thread_blocked, id=12796, stack(0x0000000644300000,0x0000000644400000)]
  0x0000011252b366f0 JavaThread "Signal Dispatcher" daemon [_thread_blocked, id=14472, stack(0x0000000644400000,0x0000000644500000)]
  0x000001125389a0d0 JavaThread "Attach Listener" daemon [_thread_blocked, id=12448, stack(0x0000000644500000,0x0000000644600000)]
  0x000001125389a9a0 JavaThread "Service Thread" daemon [_thread_blocked, id=27712, stack(0x0000000644600000,0x0000000644700000)]
  0x000001125389b270 JavaThread "Monitor Deflation Thread" daemon [_thread_blocked, id=29956, stack(0x0000000644700000,0x0000000644800000)]
  0x000001125389bf20 JavaThread "C2 CompilerThread0" daemon [_thread_blocked, id=21788, stack(0x0000000644800000,0x0000000644900000)]
  0x000001125389c8e0 JavaThread "C1 CompilerThread0" daemon [_thread_blocked, id=9464, stack(0x0000000644900000,0x0000000644a00000)]
  0x00000112538fe530 JavaThread "Sweeper thread" daemon [_thread_blocked, id=11448, stack(0x0000000644a00000,0x0000000644b00000)]
  0x0000011253ac9fc0 JavaThread "Common-Cleaner" daemon [_thread_blocked, id=19048, stack(0x0000000644b00000,0x0000000644c00000)]
  0x0000011253aca8b0 JavaThread "Notification Thread" daemon [_thread_blocked, id=28216, stack(0x0000000644c00000,0x0000000644d00000)]
  0x0000011255d2c920 JavaThread "Thread-1" [_thread_in_native, id=7184, stack(0x0000000645900000,0x0000000645a00000)]
  0x00000112559bd880 JavaThread "Thread-2" [_thread_blocked, id=27704, stack(0x0000000644e00000,0x0000000644f00000)]
  0x000001125565d300 JavaThread "Thread-3" [_thread_in_native, id=26476, stack(0x0000000645b00000,0x0000000645c00000)]
  0x000001125565a060 JavaThread "rpc-boss-3-1" daemon [_thread_in_native, id=16492, stack(0x0000000645d00000,0x0000000645e00000)]
  0x000001125565b4a0 JavaThread "dispatcher-event-loop-0" daemon [_thread_blocked, id=30712, stack(0x0000000645e00000,0x0000000645f00000)]
  0x000001125565bec0 JavaThread "dispatcher-event-loop-1" daemon [_thread_blocked, id=25880, stack(0x0000000645f00000,0x0000000646000000)]
  0x000001125565a570 JavaThread "dispatcher-event-loop-2" daemon [_thread_blocked, id=11076, stack(0x0000000646000000,0x0000000646100000)]
  0x000001125565aa80 JavaThread "dispatcher-event-loop-3" daemon [_thread_blocked, id=26868, stack(0x0000000646100000,0x0000000646200000)]
  0x000001125565af90 JavaThread "dispatcher-event-loop-4" daemon [_thread_blocked, id=13528, stack(0x0000000646200000,0x0000000646300000)]
  0x000001125565cdf0 JavaThread "dispatcher-event-loop-5" daemon [_thread_blocked, id=26452, stack(0x0000000646300000,0x0000000646400000)]
  0x000001125565b9b0 JavaThread "dispatcher-event-loop-6" daemon [_thread_blocked, id=8468, stack(0x0000000646400000,0x0000000646500000)]
  0x000001125565c3d0 JavaThread "dispatcher-event-loop-7" daemon [_thread_blocked, id=25428, stack(0x0000000646500000,0x0000000646600000)]
  0x000001125565c8e0 JavaThread "dispatcher-event-loop-8" daemon [_thread_blocked, id=28348, stack(0x0000000646600000,0x0000000646700000)]
  0x00000112547a6300 JavaThread "dispatcher-event-loop-9" daemon [_thread_blocked, id=7976, stack(0x0000000646700000,0x0000000646800000)]
  0x00000112547a58e0 JavaThread "dispatcher-event-loop-10" daemon [_thread_blocked, id=30100, stack(0x0000000646800000,0x0000000646900000)]
  0x00000112547ab910 JavaThread "dispatcher-event-loop-11" daemon [_thread_blocked, id=30596, stack(0x0000000646900000,0x0000000646a00000)]
  0x00000112547ac840 JavaThread "map-output-dispatcher-0" daemon [_thread_blocked, id=24288, stack(0x0000000646a00000,0x0000000646b00000)]
  0x00000112547abe20 JavaThread "map-output-dispatcher-1" daemon [_thread_blocked, id=28592, stack(0x0000000646b00000,0x0000000646c00000)]
  0x00000112547a53d0 JavaThread "map-output-dispatcher-2" daemon [_thread_blocked, id=23312, stack(0x0000000646c00000,0x0000000646d00000)]
  0x00000112547a6d20 JavaThread "map-output-dispatcher-3" daemon [_thread_blocked, id=7480, stack(0x0000000646d00000,0x0000000646e00000)]
  0x00000112547a7230 JavaThread "map-output-dispatcher-4" daemon [_thread_blocked, id=30668, stack(0x0000000646e00000,0x0000000646f00000)]
  0x00000112547a7740 JavaThread "map-output-dispatcher-5" daemon [_thread_blocked, id=21296, stack(0x0000000646f00000,0x0000000647000000)]
  0x00000112547a8b80 JavaThread "map-output-dispatcher-6" daemon [_thread_blocked, id=22624, stack(0x0000000647000000,0x0000000647100000)]
  0x00000112547a8670 JavaThread "map-output-dispatcher-7" daemon [_thread_blocked, id=28260, stack(0x0000000647100000,0x0000000647200000)]
  0x00000112547a95a0 JavaThread "dispatcher-BlockManagerMaster" daemon [_thread_blocked, id=7876, stack(0x0000000647200000,0x0000000647300000)]
  0x00000112547ab400 JavaThread "dispatcher-BlockManagerEndpoint1" daemon [_thread_blocked, id=20704, stack(0x0000000647300000,0x0000000647400000)]
  0x00000112547acd50 JavaThread "RemoteBlock-temp-file-clean-thread" daemon [_thread_blocked, id=26896, stack(0x0000000647400000,0x0000000647500000)]
  0x00000112547a5df0 JavaThread "refresh progress" daemon [_thread_blocked, id=1772, stack(0x0000000647500000,0x0000000647600000)]
  0x00000112547a8160 JavaThread "SparkUI-46" daemon [_thread_in_native, id=21168, stack(0x0000000647600000,0x0000000647700000)]
  0x00000112547a6810 JavaThread "SparkUI-47" daemon [_thread_in_native, id=3864, stack(0x0000000647700000,0x0000000647800000)]
  0x00000112547aaef0 JavaThread "SparkUI-48" daemon [_thread_in_native, id=17292, stack(0x0000000647800000,0x0000000647900000)]
  0x00000112547a9fc0 JavaThread "SparkUI-49" daemon [_thread_in_native, id=29720, stack(0x0000000647900000,0x0000000647a00000)]
  0x00000112547a9ab0 JavaThread "SparkUI-50" daemon [_thread_in_native, id=15924, stack(0x0000000647a00000,0x0000000647b00000)]
  0x00000112547a9090 JavaThread "SparkUI-51-acceptor-0@4d439b02-ServerConnector@43847cda{HTTP/1.1, (http/1.1)}{0.0.0.0:4042}" daemon [_thread_in_native, id=12340, stack(0x0000000647b00000,0x0000000647c00000)]
  0x00000112547aa4d0 JavaThread "SparkUI-52" daemon [_thread_blocked, id=272, stack(0x0000000647c00000,0x0000000647d00000)]
  0x00000112547aa9e0 JavaThread "SparkUI-53" daemon [_thread_in_native, id=12444, stack(0x0000000647d00000,0x0000000647e00000)]
  0x0000011257f848e0 JavaThread "dispatcher-HeartbeatReceiver" daemon [_thread_blocked, id=28268, stack(0x0000000647e00000,0x0000000647f00000)]
  0x0000011257f82060 JavaThread "task-starvation-timer" daemon [_thread_blocked, id=23728, stack(0x0000000647f00000,0x0000000648000000)]
  0x0000011257f899e0 JavaThread "task-abort-timer" daemon [_thread_blocked, id=696, stack(0x0000000648000000,0x0000000648100000)]
  0x0000011257f88fc0 JavaThread "heartbeat-receiver-event-loop-thread" daemon [_thread_blocked, id=20168, stack(0x0000000648100000,0x0000000648200000)]
  0x0000011257f85810 JavaThread "netty-rpc-env-timeout" daemon [_thread_blocked, id=30460, stack(0x0000000648200000,0x0000000648300000)]
  0x0000011257f894d0 JavaThread "dag-scheduler-event-loop" daemon [_thread_blocked, id=22688, stack(0x0000000648300000,0x0000000648400000)]
  0x0000011257f86c50 JavaThread "driver-heartbeater" daemon [_thread_blocked, id=9032, stack(0x0000000648400000,0x0000000648500000)]
  0x0000011257f88ab0 JavaThread "executor-kill-mark-cleanup" daemon [_thread_blocked, id=27876, stack(0x0000000648500000,0x0000000648600000)]
  0x0000011257f85d20 JavaThread "executor-heartbeater" daemon [_thread_blocked, id=13208, stack(0x0000000648600000,0x0000000648700000)]
  0x0000011257f84df0 JavaThread "shuffle-boss-6-1" daemon [_thread_in_native, id=22144, stack(0x0000000648700000,0x0000000648800000)]
  0x0000011257f82570 JavaThread "Spark Context Cleaner" daemon [_thread_blocked, id=3784, stack(0x0000000648800000,0x0000000648900000)]
  0x0000011257f885a0 JavaThread "context-cleaner-periodic-gc" daemon [_thread_blocked, id=4792, stack(0x0000000648900000,0x0000000648a00000)]
  0x0000011257f82a80 JavaThread "spark-listener-group-appStatus" daemon [_thread_blocked, id=16752, stack(0x0000000648a00000,0x0000000648b00000)]
  0x0000011257f839b0 JavaThread "spark-listener-group-executorManagement" daemon [_thread_blocked, id=12628, stack(0x0000000648b00000,0x0000000648c00000)]
  0x0000011257f834a0 JavaThread "element-tracking-store-worker" daemon [_thread_blocked, id=21376, stack(0x0000000648e00000,0x0000000648f00000)]
  0x0000011257f82f90 JavaThread "org.apache.hadoop.fs.FileSystem$Statistics$StatisticsDataReferenceCleaner" daemon [_thread_blocked, id=29120, stack(0x0000000648c00000,0x0000000648d00000)]
  0x00000112557b0a90 JavaThread "task-result-getter-0" daemon [_thread_blocked, id=12384, stack(0x0000000649c00000,0x0000000649d00000)]
  0x00000112557b5b90 JavaThread "task-result-getter-1" daemon [_thread_blocked, id=22452, stack(0x0000000649d00000,0x0000000649e00000)]
  0x00000112557b4240 JavaThread "task-result-getter-2" daemon [_thread_blocked, id=10568, stack(0x0000000649e00000,0x0000000649f00000)]
  0x00000112557b65b0 JavaThread "task-result-getter-3" daemon [_thread_blocked, id=9800, stack(0x0000000649f00000,0x000000064a000000)]
  0x00000112557b1ed0 JavaThread "Executor task launch worker for task 0.0 in stage 2.0 (TID 401)" daemon [_thread_blocked, id=23236, stack(0x0000000645c00000,0x0000000645d00000)]
  0x00000112557b3d30 JavaThread "Executor task launch worker for task 1.0 in stage 2.0 (TID 402)" daemon [_thread_blocked, id=22876, stack(0x0000000648d00000,0x0000000648e00000)]
  0x00000112557b2e00 JavaThread "Executor task launch worker for task 2.0 in stage 2.0 (TID 403)" daemon [_thread_blocked, id=21364, stack(0x0000000648f00000,0x0000000649000000)]
  0x00000112557b3310 JavaThread "Executor task launch worker for task 3.0 in stage 2.0 (TID 404)" daemon [_thread_blocked, id=17160, stack(0x0000000649000000,0x0000000649100000)]
  0x00000112557b0580 JavaThread "Executor task launch worker for task 4.0 in stage 2.0 (TID 405)" daemon [_thread_blocked, id=11980, stack(0x0000000649100000,0x0000000649200000)]
  0x00000112557b23e0 JavaThread "Executor task launch worker for task 5.0 in stage 2.0 (TID 406)" daemon [_thread_blocked, id=28568, stack(0x0000000649200000,0x0000000649300000)]
  0x00000112557b3820 JavaThread "Executor task launch worker for task 6.0 in stage 2.0 (TID 407)" daemon [_thread_blocked, id=27528, stack(0x0000000649300000,0x0000000649400000)]
  0x00000112557af650 JavaThread "Executor task launch worker for task 7.0 in stage 2.0 (TID 408)" daemon [_thread_blocked, id=2396, stack(0x0000000649400000,0x0000000649500000)]
  0x00000112557b28f0 JavaThread "Executor task launch worker for task 8.0 in stage 2.0 (TID 409)" daemon [_thread_blocked, id=26460, stack(0x0000000649500000,0x0000000649600000)]
  0x000001125e41a860 JavaThread "Executor task launch worker for task 9.0 in stage 2.0 (TID 410)" daemon [_thread_blocked, id=8684, stack(0x0000000649600000,0x0000000649700000)]
  0x000001125e4175c0 JavaThread "Executor task launch worker for task 10.0 in stage 2.0 (TID 411)" daemon [_thread_blocked, id=27536, stack(0x0000000649700000,0x0000000649800000)]
  0x000001125e417fe0 JavaThread "Executor task launch worker for task 11.0 in stage 2.0 (TID 412)" daemon [_thread_blocked, id=27136, stack(0x0000000649800000,0x0000000649900000)]
  0x00000112614f6e70 JavaThread "C2 CompilerThread1" daemon [_thread_blocked, id=20720, stack(0x0000000643900000,0x0000000643a00000)]
  0x00000112614f7910 JavaThread "C2 CompilerThread2" daemon [_thread_blocked, id=30672, stack(0x0000000643a00000,0x0000000643b00000)]

Other Threads:
=>0x0000011252b1aec0 VMThread "VM Thread" [stack: 0x0000000644100000,0x0000000644200000] [id=24676]
  0x0000011253acad90 WatcherThread [stack: 0x0000000644d00000,0x0000000644e00000] [id=26748]
  0x0000011221d6aad0 GCTaskThread "GC Thread#0" [stack: 0x0000000643c00000,0x0000000643d00000] [id=27472]
  0x0000011253cd3d70 GCTaskThread "GC Thread#1" [stack: 0x0000000644f00000,0x0000000645000000] [id=16724]
  0x0000011253cd4030 GCTaskThread "GC Thread#2" [stack: 0x0000000645000000,0x0000000645100000] [id=27748]
  0x0000011253cd42f0 GCTaskThread "GC Thread#3" [stack: 0x0000000645100000,0x0000000645200000] [id=18940]
  0x0000011253cd45b0 GCTaskThread "GC Thread#4" [stack: 0x0000000645200000,0x0000000645300000] [id=2156]
  0x0000011253cd4870 GCTaskThread "GC Thread#5" [stack: 0x0000000645300000,0x0000000645400000] [id=30088]
  0x0000011253cd4b30 GCTaskThread "GC Thread#6" [stack: 0x0000000645400000,0x0000000645500000] [id=29800]
  0x0000011253cd4df0 GCTaskThread "GC Thread#7" [stack: 0x0000000645500000,0x0000000645600000] [id=19580]
  0x0000011253c8dff0 GCTaskThread "GC Thread#8" [stack: 0x0000000645600000,0x0000000645700000] [id=16220]
  0x0000011253c8e2b0 GCTaskThread "GC Thread#9" [stack: 0x0000000645700000,0x0000000645800000] [id=21056]
  0x0000011221d75940 ConcurrentGCThread "G1 Main Marker" [stack: 0x0000000643d00000,0x0000000643e00000] [id=9228]
  0x0000011221d76260 ConcurrentGCThread "G1 Conc#0" [stack: 0x0000000643e00000,0x0000000643f00000] [id=29944]
  0x0000011255b1abd0 ConcurrentGCThread "G1 Conc#1" [stack: 0x0000000645800000,0x0000000645900000] [id=15700]
  0x0000011255b1b990 ConcurrentGCThread "G1 Conc#2" [stack: 0x0000000645a00000,0x0000000645b00000] [id=10844]
  0x00000112529dc020 ConcurrentGCThread "G1 Refine#0" [stack: 0x0000000643f00000,0x0000000644000000] [id=23032]
  0x000001125b71f120 ConcurrentGCThread "G1 Refine#1" [stack: 0x0000000649900000,0x0000000649a00000] [id=1172]
  0x00000112529dd870 ConcurrentGCThread "G1 Service" [stack: 0x0000000644000000,0x0000000644100000] [id=21456]

Threads with active compile tasks:
C1 CompilerThread0   219875 13341       1       org.apache.parquet.column.ColumnDescriptor::getPrimitiveType (5 bytes)

VM state: at safepoint (normal execution)

VM Mutex/Monitor currently owned by a thread:  ([mutex/lock_event])
[0x0000011221cc8a50] Threads_lock - owner thread: 0x0000011252b1aec0
[0x0000011221cd30f0] Heap_lock - owner thread: 0x00000112557b3820

Heap address: 0x0000000400000000, size: 9216 MB, Compressed Oops mode: Zero based, Oop shift amount: 3

CDS archive(s) mapped at: [0x0000000800000000-0x0000000800c00000-0x0000000800c00000), size 12582912, SharedBaseAddress: 0x0000000800000000, ArchiveRelocationMode: 0.
Compressed class space mapped at: 0x0000000800c00000-0x0000000840c00000, reserved size: 1073741824
Narrow klass base: 0x0000000800000000, Narrow klass shift: 0, Narrow klass range: 0x100000000

GC Precious Log:
 CPUs: 12 total, 12 available
 Memory: 28565M
 Large Page Support: Disabled
 NUMA Support: Disabled
 Compressed Oops: Enabled (Zero based)
 Heap Region Size: 8M
 Heap Min Capacity: 8M
 Heap Initial Capacity: 448M
 Heap Max Capacity: 9G
 Pre-touch: Disabled
 Parallel Workers: 10
 Concurrent Workers: 3
 Concurrent Refinement Workers: 10
 Periodic GC: Disabled

Heap:
 garbage-first heap   total 532480K, used 301336K [0x0000000400000000, 0x0000000640000000)
  region size 8192K, 1 young (8192K), 1 survivors (8192K)
 Metaspace       used 125949K, committed 127296K, reserved 1163264K
  class space    used 16714K, committed 17280K, reserved 1048576K

Heap Regions: E=young(eden), S=young(survivor), O=old, HS=humongous(starts), HC=humongous(continues), CS=collection set, F=free, OA=open archive, CA=closed archive, TAMS=top-at-mark-start (previous, next)
|   0|0x0000000400000000, 0x0000000400800000, 0x0000000400800000|100%| O|  |TAMS 0x0000000400800000, 0x0000000400000000| Untracked 
|   1|0x0000000400800000, 0x0000000401000000, 0x0000000401000000|100%| O|  |TAMS 0x0000000401000000, 0x0000000400800000| Untracked 
|   2|0x0000000401000000, 0x0000000401800000, 0x0000000401800000|100%| O|  |TAMS 0x0000000401800000, 0x0000000401000000| Untracked 
|   3|0x0000000401800000, 0x0000000402000000, 0x0000000402000000|100%| O|  |TAMS 0x0000000402000000, 0x0000000401800000| Untracked 
|   4|0x0000000402000000, 0x0000000402800000, 0x0000000402800000|100%| O|  |TAMS 0x0000000402800000, 0x0000000402000000| Untracked 
|   5|0x0000000402800000, 0x0000000403000000, 0x0000000403000000|100%| O|  |TAMS 0x0000000403000000, 0x0000000402800000| Untracked 
|   6|0x0000000403000000, 0x0000000403800000, 0x0000000403800000|100%| O|  |TAMS 0x0000000403800000, 0x0000000403000000| Untracked 
|   7|0x0000000403800000, 0x0000000404000000, 0x0000000404000000|100%| O|  |TAMS 0x0000000404000000, 0x0000000403800000| Untracked 
|   8|0x0000000404000000, 0x0000000404800000, 0x0000000404800000|100%|HS|  |TAMS 0x0000000404800000, 0x0000000404000000| Complete 
|   9|0x0000000404800000, 0x0000000405000000, 0x0000000405000000|100%|HC|  |TAMS 0x0000000405000000, 0x0000000404800000| Complete 
|  10|0x0000000405000000, 0x0000000405800000, 0x0000000405800000|100%|HS|  |TAMS 0x0000000405800000, 0x0000000405000000| Complete 
|  11|0x0000000405800000, 0x0000000406000000, 0x0000000406000000|100%|HC|  |TAMS 0x0000000406000000, 0x0000000405800000| Complete 
|  12|0x0000000406000000, 0x0000000406800000, 0x0000000406800000|100%|HS|  |TAMS 0x0000000406800000, 0x0000000406000000| Complete 
|  13|0x0000000406800000, 0x0000000407000000, 0x0000000407000000|100%|HC|  |TAMS 0x0000000407000000, 0x0000000406800000| Complete 
|  14|0x0000000407000000, 0x0000000407800000, 0x0000000407800000|100%|HS|  |TAMS 0x0000000407800000, 0x0000000407000000| Complete 
|  15|0x0000000407800000, 0x0000000408000000, 0x0000000408000000|100%|HC|  |TAMS 0x0000000408000000, 0x0000000407800000| Complete 
|  16|0x0000000408000000, 0x0000000408800000, 0x0000000408800000|100%|HS|  |TAMS 0x0000000408800000, 0x0000000408000000| Complete 
|  17|0x0000000408800000, 0x0000000409000000, 0x0000000409000000|100%|HC|  |TAMS 0x0000000409000000, 0x0000000408800000| Complete 
|  18|0x0000000409000000, 0x0000000409800000, 0x0000000409800000|100%|HS|  |TAMS 0x0000000409800000, 0x0000000409000000| Complete 
|  19|0x0000000409800000, 0x000000040a000000, 0x000000040a000000|100%|HC|  |TAMS 0x000000040a000000, 0x0000000409800000| Complete 
|  20|0x000000040a000000, 0x000000040a800000, 0x000000040a800000|100%|HS|  |TAMS 0x000000040a800000, 0x000000040a000000| Complete 
|  21|0x000000040a800000, 0x000000040b000000, 0x000000040b000000|100%|HC|  |TAMS 0x000000040b000000, 0x000000040a800000| Complete 
|  22|0x000000040b000000, 0x000000040b800000, 0x000000040b800000|100%|HS|  |TAMS 0x000000040b800000, 0x000000040b000000| Complete 
|  23|0x000000040b800000, 0x000000040c000000, 0x000000040c000000|100%|HC|  |TAMS 0x000000040c000000, 0x000000040b800000| Complete 
|  24|0x000000040c000000, 0x000000040c800000, 0x000000040c800000|100%|HS|  |TAMS 0x000000040c800000, 0x000000040c000000| Complete 
|  25|0x000000040c800000, 0x000000040d000000, 0x000000040d000000|100%|HC|  |TAMS 0x000000040d000000, 0x000000040c800000| Complete 
|  26|0x000000040d000000, 0x000000040d800000, 0x000000040d800000|100%|HS|  |TAMS 0x000000040d800000, 0x000000040d000000| Complete 
|  27|0x000000040d800000, 0x000000040e000000, 0x000000040e000000|100%|HC|  |TAMS 0x000000040e000000, 0x000000040d800000| Complete 
|  28|0x000000040e000000, 0x000000040e800000, 0x000000040e800000|100%|HS|  |TAMS 0x000000040e800000, 0x000000040e000000| Complete 
|  29|0x000000040e800000, 0x000000040f000000, 0x000000040f000000|100%|HC|  |TAMS 0x000000040f000000, 0x000000040e800000| Complete 
|  30|0x000000040f000000, 0x000000040f800000, 0x000000040f800000|100%|HS|  |TAMS 0x000000040f800000, 0x000000040f000000| Complete 
|  31|0x000000040f800000, 0x0000000410000000, 0x0000000410000000|100%|HC|  |TAMS 0x0000000410000000, 0x000000040f800000| Complete 
|  32|0x0000000410000000, 0x0000000410000000, 0x0000000410800000|  0%| F|  |TAMS 0x0000000410000000, 0x0000000410000000| Untracked 
|  33|0x0000000410800000, 0x0000000411000000, 0x0000000411000000|100%| O|  |TAMS 0x0000000411000000, 0x0000000410800000| Untracked 
|  34|0x0000000411000000, 0x0000000411800000, 0x0000000411800000|100%| O|  |TAMS 0x000000041109a600, 0x0000000411000000| Untracked 
|  35|0x0000000411800000, 0x0000000412000000, 0x0000000412000000|100%| O|  |TAMS 0x0000000411800000, 0x0000000411800000| Untracked 
|  36|0x0000000412000000, 0x0000000412800000, 0x0000000412800000|100%| O|  |TAMS 0x0000000412000000, 0x0000000412000000| Untracked 
|  37|0x0000000412800000, 0x0000000412c95c00, 0x0000000413000000| 57%| O|  |TAMS 0x0000000412800000, 0x0000000412800000| Untracked 
|  38|0x0000000413000000, 0x0000000413000000, 0x0000000413800000|  0%| F|  |TAMS 0x0000000413000000, 0x0000000413000000| Untracked 
|  39|0x0000000413800000, 0x0000000413800000, 0x0000000414000000|  0%| F|  |TAMS 0x0000000413800000, 0x0000000413800000| Untracked 
|  40|0x0000000414000000, 0x0000000414000000, 0x0000000414800000|  0%| F|  |TAMS 0x0000000414000000, 0x0000000414000000| Untracked 
|  41|0x0000000414800000, 0x0000000414800000, 0x0000000415000000|  0%| F|  |TAMS 0x0000000414800000, 0x0000000414800000| Untracked 
|  42|0x0000000415000000, 0x0000000415000000, 0x0000000415800000|  0%| F|  |TAMS 0x0000000415000000, 0x0000000415000000| Untracked 
|  43|0x0000000415800000, 0x0000000415800000, 0x0000000416000000|  0%| F|  |TAMS 0x0000000415800000, 0x0000000415800000| Untracked 
|  44|0x0000000416000000, 0x0000000416000000, 0x0000000416800000|  0%| F|  |TAMS 0x0000000416000000, 0x0000000416000000| Untracked 
|  45|0x0000000416800000, 0x0000000416800000, 0x0000000417000000|  0%| F|  |TAMS 0x0000000416800000, 0x0000000416800000| Untracked 
|  46|0x0000000417000000, 0x0000000417000000, 0x0000000417800000|  0%| F|  |TAMS 0x0000000417000000, 0x0000000417000000| Untracked 
|  47|0x0000000417800000, 0x0000000417800000, 0x0000000418000000|  0%| F|  |TAMS 0x0000000417800000, 0x0000000417800000| Untracked 
|  48|0x0000000418000000, 0x0000000418000000, 0x0000000418800000|  0%| F|  |TAMS 0x0000000418000000, 0x0000000418000000| Untracked 
|  49|0x0000000418800000, 0x0000000418800000, 0x0000000419000000|  0%| F|  |TAMS 0x0000000418800000, 0x0000000418800000| Untracked 
|  50|0x0000000419000000, 0x0000000419000000, 0x0000000419800000|  0%| F|  |TAMS 0x0000000419000000, 0x0000000419000000| Untracked 
|  51|0x0000000419800000, 0x0000000419800000, 0x000000041a000000|  0%| F|  |TAMS 0x0000000419800000, 0x0000000419800000| Untracked 
|  52|0x000000041a000000, 0x000000041a000000, 0x000000041a800000|  0%| F|  |TAMS 0x000000041a000000, 0x000000041a000000| Untracked 
|  53|0x000000041a800000, 0x000000041a800000, 0x000000041b000000|  0%| F|  |TAMS 0x000000041a800000, 0x000000041a800000| Untracked 
|  54|0x000000041b000000, 0x000000041b000000, 0x000000041b800000|  0%| F|  |TAMS 0x000000041b000000, 0x000000041b000000| Untracked 
|  55|0x000000041b800000, 0x000000041b800000, 0x000000041c000000|  0%| F|  |TAMS 0x000000041b800000, 0x000000041b800000| Untracked 
|  56|0x000000041c000000, 0x000000041c000000, 0x000000041c800000|  0%| F|  |TAMS 0x000000041c000000, 0x000000041c000000| Untracked 
|  57|0x000000041c800000, 0x000000041c800000, 0x000000041d000000|  0%| F|  |TAMS 0x000000041c800000, 0x000000041c800000| Untracked 
|  58|0x000000041d000000, 0x000000041d000000, 0x000000041d800000|  0%| F|  |TAMS 0x000000041d000000, 0x000000041d000000| Untracked 
|  59|0x000000041d800000, 0x000000041d800000, 0x000000041e000000|  0%| F|  |TAMS 0x000000041d800000, 0x000000041d800000| Untracked 
|  60|0x000000041e000000, 0x000000041e000000, 0x000000041e800000|  0%| F|  |TAMS 0x000000041e000000, 0x000000041e000000| Untracked 
|  61|0x000000041e800000, 0x000000041e9b05e8, 0x000000041f000000| 21%| S|CS|TAMS 0x000000041e800000, 0x000000041e800000| Complete 
|  62|0x000000041f000000, 0x000000041f000000, 0x000000041f800000|  0%| F|  |TAMS 0x000000041f000000, 0x000000041f000000| Untracked 
|  63|0x000000041f800000, 0x000000041f800000, 0x0000000420000000|  0%| F|  |TAMS 0x000000041f800000, 0x000000041f800000| Untracked 
|  64|0x0000000420000000, 0x0000000420000000, 0x0000000420800000|  0%| F|  |TAMS 0x0000000420000000, 0x0000000420000000| Untracked 

Card table byte_map: [0x000001123be90000,0x000001123d090000] _byte_map_base: 0x0000011239e90000

Marking Bits (Prev, Next): (CMBitMap*) 0x0000011221d6b000, (CMBitMap*) 0x0000011221d6b040
 Prev Bits: [0x000001123e290000, 0x0000011247290000)
 Next Bits: [0x0000011247290000, 0x0000011250290000)

Polling page: 0x0000011221d90000

Metaspace:

Usage:
  Non-class:    106.67 MB used.
      Class:     16.32 MB used.
       Both:    123.00 MB used.

Virtual space:
  Non-class space:      112.00 MB reserved,     107.44 MB ( 96%) committed,  14 nodes.
      Class space:        1.00 GB reserved,      16.88 MB (  2%) committed,  1 nodes.
             Both:        1.11 GB reserved,     124.31 MB ( 11%) committed. 

Chunk freelists:
   Non-Class:  4.19 MB
       Class:  3.14 MB
        Both:  7.33 MB

MaxMetaspaceSize: unlimited
CompressedClassSpaceSize: 1.00 GB
Initial GC threshold: 21.00 MB
Current GC threshold: 207.19 MB
CDS: on
MetaspaceReclaimPolicy: balanced
 - commit_granule_bytes: 65536.
 - commit_granule_words: 8192.
 - virtual_space_node_default_size: 1048576.
 - enlarge_chunks_in_place: 1.
 - new_chunks_are_fully_committed: 0.
 - uncommit_free_chunks: 1.
 - use_allocation_guard: 0.
 - handle_deallocations: 1.


Internal statistics:

num_allocs_failed_limit: 18.
num_arena_births: 2828.
num_arena_deaths: 1168.
num_vsnodes_births: 15.
num_vsnodes_deaths: 0.
num_space_committed: 1986.
num_space_uncommitted: 0.
num_chunks_returned_to_freelist: 1635.
num_chunks_taken_from_freelist: 8399.
num_chunk_merges: 699.
num_chunk_splits: 5519.
num_chunks_enlarged: 3661.
num_purges: 4.
num_inconsistent_stats: 0.

CodeHeap 'non-profiled nmethods': size=120000Kb used=6957Kb max_used=6957Kb free=113043Kb
 bounds [0x0000011232ae0000, 0x00000112331b0000, 0x000001123a010000]
CodeHeap 'profiled nmethods': size=120000Kb used=18495Kb max_used=18495Kb free=101504Kb
 bounds [0x000001122b5b0000, 0x000001122c7d0000, 0x0000011232ae0000]
CodeHeap 'non-nmethods': size=5760Kb used=1599Kb max_used=1651Kb free=4160Kb
 bounds [0x000001122b010000, 0x000001122b280000, 0x000001122b5b0000]
 total_blobs=12551 nmethods=11563 adapters=898
 compilation: enabled
              stopped_count=0, restarted_count=0
 full_count=0

Compilation events (20 events):
Event: 219.727 Thread 0x000001125389bf20 nmethod 13252 0x00000112331a4410 code [0x00000112331a45c0, 0x00000112331a4a58]
Event: 219.727 Thread 0x000001125389bf20 13334       4       java.lang.String::decodeUTF8_UTF16 (624 bytes)
Event: 219.731 Thread 0x000001125389bf20 nmethod 13334 0x00000112331a4d90 code [0x00000112331a4f20, 0x00000112331a5378]
Event: 219.731 Thread 0x000001125389bf20 13274       4       java.util.concurrent.TimeUnit::toMicros (67 bytes)
Event: 219.731 Thread 0x00000112614f6e70 nmethod 13333 0x00000112331a5710 code [0x00000112331a58c0, 0x00000112331a5d08]
Event: 219.732 Thread 0x000001125389bf20 nmethod 13274 0x00000112331a5f90 code [0x00000112331a6100, 0x00000112331a6218]
Event: 219.733 Thread 0x000001125389bf20 13335       4       org.apache.parquet.column.values.bitpacking.ByteBitPackingLE$Packer1::unpack8Values (139 bytes)
Event: 219.734 Thread 0x00000112614f6e70 13336       4       org.apache.parquet.column.values.bitpacking.ByteBitPackingLE$Packer15::unpack8Values (364 bytes)
Event: 219.734 Thread 0x000001125389c8e0 13337 %     3       org.apache.spark.sql.execution.datasources.parquet.ParquetColumnVector::assembleCollection @ 24 (185 bytes)
Event: 219.735 Thread 0x000001125389c8e0 nmethod 13337% 0x000001122c7bf290 code [0x000001122c7bf580, 0x000001122c7c08e8]
Event: 219.736 Thread 0x000001125389bf20 nmethod 13335 0x00000112331a6310 code [0x00000112331a64a0, 0x00000112331a66f8]
Event: 219.739 Thread 0x000001125389bf20 13338       4       java.time.format.DateTimeFormatterBuilder$CharLiteralPrinterParser::format (11 bytes)
Event: 219.743 Thread 0x000001125389bf20 nmethod 13338 0x00000112331a6990 code [0x00000112331a6b40, 0x00000112331a70f8]
Event: 219.744 Thread 0x00000112614f6e70 nmethod 13336 0x00000112331a7410 code [0x00000112331a75e0, 0x00000112331a8158]
Event: 219.745 Thread 0x00000112614f7910 nmethod 13330 0x00000112331a8910 code [0x00000112331a8b60, 0x00000112331a9fc8]
Event: 219.770 Thread 0x00000112614f6e70 13339 %     4       org.apache.spark.sql.execution.vectorized.OnHeapColumnVector::putInts @ 3 (26 bytes)
Event: 219.770 Thread 0x000001125389c8e0 13340       3       org.apache.spark.sql.execution.datasources.parquet.ParquetColumnVector::assembleCollection (185 bytes)
Event: 219.771 Thread 0x000001125389c8e0 nmethod 13340 0x000001122c7c1390 code [0x000001122c7c1680, 0x000001122c7c28e8]
Event: 219.773 Thread 0x00000112614f6e70 nmethod 13339% 0x00000112331aaf10 code [0x00000112331ab0a0, 0x00000112331ab2f8]
Event: 219.785 Thread 0x000001125389c8e0 13341       1       org.apache.parquet.column.ColumnDescriptor::getPrimitiveType (5 bytes)

GC Heap History (20 events):
Event: 117.617 GC heap after
{Heap after GC invocations=33 (full 0):
 garbage-first heap   total 270336K, used 48426K [0x0000000400000000, 0x0000000640000000)
  region size 8192K, 2 young (16384K), 2 survivors (16384K)
 Metaspace       used 102380K, committed 103616K, reserved 1138688K
  class space    used 13502K, committed 14080K, reserved 1048576K
}
Event: 216.936 GC heap before
{Heap before GC invocations=34 (full 0):
 garbage-first heap   total 221184K, used 171306K [0x0000000400000000, 0x0000000640000000)
  region size 8192K, 16 young (131072K), 2 survivors (16384K)
 Metaspace       used 117642K, committed 118528K, reserved 1155072K
  class space    used 15580K, committed 16000K, reserved 1048576K
}
Event: 216.944 GC heap after
{Heap after GC invocations=35 (full 0):
 garbage-first heap   total 221184K, used 54959K [0x0000000400000000, 0x0000000640000000)
  region size 8192K, 2 young (16384K), 2 survivors (16384K)
 Metaspace       used 117642K, committed 118528K, reserved 1155072K
  class space    used 15580K, committed 16000K, reserved 1048576K
}
Event: 216.988 GC heap before
{Heap before GC invocations=35 (full 0):
 garbage-first heap   total 221184K, used 63151K [0x0000000400000000, 0x0000000640000000)
  region size 8192K, 3 young (24576K), 2 survivors (16384K)
 Metaspace       used 117953K, committed 118976K, reserved 1155072K
  class space    used 15650K, committed 16128K, reserved 1048576K
}
Event: 216.996 GC heap after
{Heap after GC invocations=36 (full 0):
 garbage-first heap   total 221184K, used 55341K [0x0000000400000000, 0x0000000640000000)
  region size 8192K, 1 young (8192K), 1 survivors (8192K)
 Metaspace       used 117953K, committed 118976K, reserved 1155072K
  class space    used 15650K, committed 16128K, reserved 1048576K
}
Event: 217.461 GC heap before
{Heap before GC invocations=36 (full 0):
 garbage-first heap   total 221184K, used 96301K [0x0000000400000000, 0x0000000640000000)
  region size 8192K, 4 young (32768K), 1 survivors (8192K)
 Metaspace       used 118883K, committed 119872K, reserved 1155072K
  class space    used 15844K, committed 16320K, reserved 1048576K
}
Event: 217.501 GC heap after
{Heap after GC invocations=37 (full 0):
 garbage-first heap   total 352256K, used 89802K [0x0000000400000000, 0x0000000640000000)
  region size 8192K, 1 young (8192K), 1 survivors (8192K)
 Metaspace       used 118883K, committed 119872K, reserved 1155072K
  class space    used 15844K, committed 16320K, reserved 1048576K
}
Event: 217.512 GC heap before
{Heap before GC invocations=37 (full 0):
 garbage-first heap   total 352256K, used 155338K [0x0000000400000000, 0x0000000640000000)
  region size 8192K, 2 young (16384K), 1 survivors (8192K)
 Metaspace       used 118889K, committed 119872K, reserved 1155072K
  class space    used 15844K, committed 16320K, reserved 1048576K
}
Event: 217.514 GC heap after
{Heap after GC invocations=38 (full 0):
 garbage-first heap   total 352256K, used 159416K [0x0000000400000000, 0x0000000640000000)
  region size 8192K, 1 young (8192K), 1 survivors (8192K)
 Metaspace       used 118889K, committed 119872K, reserved 1155072K
  class space    used 15844K, committed 16320K, reserved 1048576K
}
Event: 217.527 GC heap before
{Heap before GC invocations=38 (full 0):
 garbage-first heap   total 352256K, used 175800K [0x0000000400000000, 0x0000000640000000)
  region size 8192K, 2 young (16384K), 1 survivors (8192K)
 Metaspace       used 118901K, committed 119872K, reserved 1155072K
  class space    used 15844K, committed 16320K, reserved 1048576K
}
Event: 217.530 GC heap after
{Heap after GC invocations=39 (full 0):
 garbage-first heap   total 352256K, used 176850K [0x0000000400000000, 0x0000000640000000)
  region size 8192K, 2 young (16384K), 2 survivors (16384K)
 Metaspace       used 118901K, committed 119872K, reserved 1155072K
  class space    used 15844K, committed 16320K, reserved 1048576K
}
Event: 219.327 GC heap before
{Heap before GC invocations=40 (full 0):
 garbage-first heap   total 409600K, used 324306K [0x0000000400000000, 0x0000000640000000)
  region size 8192K, 11 young (90112K), 2 survivors (16384K)
 Metaspace       used 124654K, committed 125696K, reserved 1163264K
  class space    used 16677K, committed 17152K, reserved 1048576K
}
Event: 219.337 GC heap after
{Heap after GC invocations=41 (full 0):
 garbage-first heap   total 409600K, used 295529K [0x0000000400000000, 0x0000000640000000)
  region size 8192K, 2 young (16384K), 2 survivors (16384K)
 Metaspace       used 124654K, committed 125696K, reserved 1163264K
  class space    used 16677K, committed 17152K, reserved 1048576K
}
Event: 219.560 GC heap before
{Heap before GC invocations=41 (full 0):
 garbage-first heap   total 409600K, used 320105K [0x0000000400000000, 0x0000000640000000)
  region size 8192K, 5 young (40960K), 2 survivors (16384K)
 Metaspace       used 126139K, committed 127168K, reserved 1163264K
  class space    used 16765K, committed 17280K, reserved 1048576K
}
Event: 219.565 GC heap after
{Heap after GC invocations=42 (full 0):
 garbage-first heap   total 409600K, used 299897K [0x0000000400000000, 0x0000000640000000)
  region size 8192K, 1 young (8192K), 1 survivors (8192K)
 Metaspace       used 126139K, committed 127168K, reserved 1163264K
  class space    used 16765K, committed 17280K, reserved 1048576K
}
Event: 219.619 GC heap before
{Heap before GC invocations=42 (full 0):
 garbage-first heap   total 409600K, used 324473K [0x0000000400000000, 0x0000000640000000)
  region size 8192K, 4 young (32768K), 1 survivors (8192K)
 Metaspace       used 126159K, committed 127296K, reserved 1163264K
  class space    used 16765K, committed 17280K, reserved 1048576K
}
Event: 219.621 GC heap after
{Heap after GC invocations=43 (full 0):
 garbage-first heap   total 409600K, used 300402K [0x0000000400000000, 0x0000000640000000)
  region size 8192K, 1 young (8192K), 1 survivors (8192K)
 Metaspace       used 126159K, committed 127296K, reserved 1163264K
  class space    used 16765K, committed 17280K, reserved 1048576K
}
Event: 219.762 GC heap before
{Heap before GC invocations=44 (full 0):
 garbage-first heap   total 532480K, used 324978K [0x0000000400000000, 0x0000000640000000)
  region size 8192K, 4 young (32768K), 1 survivors (8192K)
 Metaspace       used 125949K, committed 127296K, reserved 1163264K
  class space    used 16714K, committed 17280K, reserved 1048576K
}
Event: 219.763 GC heap after
{Heap after GC invocations=45 (full 0):
 garbage-first heap   total 532480K, used 300988K [0x0000000400000000, 0x0000000640000000)
  region size 8192K, 1 young (8192K), 1 survivors (8192K)
 Metaspace       used 125949K, committed 127296K, reserved 1163264K
  class space    used 16714K, committed 17280K, reserved 1048576K
}
Event: 219.805 GC heap before
{Heap before GC invocations=45 (full 0):
 garbage-first heap   total 532480K, used 317372K [0x0000000400000000, 0x0000000640000000)
  region size 8192K, 3 young (24576K), 1 survivors (8192K)
 Metaspace       used 125949K, committed 127296K, reserved 1163264K
  class space    used 16714K, committed 17280K, reserved 1048576K
}

Deoptimization events (20 events):
Event: 219.414 Thread 0x00000112557b3d30 Uncommon trap: trap_request=0xffffff45 fr.pc=0x0000011232b695d0 relative=0x00000000000004b0
Event: 219.414 Thread 0x00000112557b3d30 Uncommon trap: reason=unstable_if action=reinterpret pc=0x0000011232b695d0 method=java.lang.String.substring(II)Ljava/lang/String; @ 31 c2
Event: 219.414 Thread 0x00000112557b3d30 DEOPT PACKING pc=0x0000011232b695d0 sp=0x0000000648dfe050
Event: 219.414 Thread 0x00000112557b3d30 DEOPT UNPACKING pc=0x000001122b0623a3 sp=0x0000000648dfe008 mode 2
Event: 219.460 Thread 0x00000112557b3820 DEOPT PACKING pc=0x000001122c746f56 sp=0x00000006493fe370
Event: 219.460 Thread 0x00000112557b3820 DEOPT UNPACKING pc=0x000001122b062b43 sp=0x00000006493fd7f8 mode 0
Event: 219.484 Thread 0x00000112557b3d30 DEOPT PACKING pc=0x000001122c746f56 sp=0x0000000648dfdfa0
Event: 219.484 Thread 0x00000112557b3d30 DEOPT UNPACKING pc=0x000001122b062b43 sp=0x0000000648dfd428 mode 0
Event: 219.484 Thread 0x000001125e41a860 DEOPT PACKING pc=0x000001122c746f56 sp=0x00000006496fe660
Event: 219.484 Thread 0x000001125e41a860 DEOPT UNPACKING pc=0x000001122b062b43 sp=0x00000006496fdae8 mode 0
Event: 219.484 Thread 0x00000112557b3d30 Uncommon trap: trap_request=0xffffff45 fr.pc=0x0000011232afb090 relative=0x0000000000000170
Event: 219.484 Thread 0x00000112557b3d30 Uncommon trap: reason=unstable_if action=reinterpret pc=0x0000011232afb090 method=java.lang.StringCoding.hasNegatives([BII)Z @ 12 c2
Event: 219.484 Thread 0x00000112557b3d30 DEOPT PACKING pc=0x0000011232afb090 sp=0x0000000648dfdf80
Event: 219.484 Thread 0x00000112557b3d30 DEOPT UNPACKING pc=0x000001122b0623a3 sp=0x0000000648dfdf30 mode 2
Event: 219.724 Thread 0x000001125e417fe0 DEOPT PACKING pc=0x000001122c76f870 sp=0x00000006498fe810
Event: 219.724 Thread 0x000001125e417fe0 DEOPT UNPACKING pc=0x000001122b062b43 sp=0x00000006498fdce0 mode 0
Event: 219.726 Thread 0x000001125e417fe0 DEOPT PACKING pc=0x000001122c770af2 sp=0x00000006498fe740
Event: 219.726 Thread 0x000001125e417fe0 DEOPT UNPACKING pc=0x000001122b062b43 sp=0x00000006498fdc00 mode 0
Event: 219.731 Thread 0x000001125e417fe0 DEOPT PACKING pc=0x000001122c76f870 sp=0x00000006498fe810
Event: 219.731 Thread 0x000001125e417fe0 DEOPT UNPACKING pc=0x000001122b062b43 sp=0x00000006498fdce0 mode 0

Classes unloaded (20 events):
Event: 219.667 Thread 0x0000011252b1aec0 Unloading class 0x0000000801bb8800 'java/lang/invoke/LambdaForm$MH+0x0000000801bb8800'
Event: 219.667 Thread 0x0000011252b1aec0 Unloading class 0x0000000801bb8000 'java/lang/invoke/LambdaForm$MH+0x0000000801bb8000'
Event: 219.667 Thread 0x0000011252b1aec0 Unloading class 0x0000000801bb7c00 'java/lang/invoke/LambdaForm$MH+0x0000000801bb7c00'
Event: 219.667 Thread 0x0000011252b1aec0 Unloading class 0x0000000801bb7800 'java/lang/invoke/LambdaForm$MH+0x0000000801bb7800'
Event: 219.667 Thread 0x0000011252b1aec0 Unloading class 0x0000000801bb7400 'java/lang/invoke/LambdaForm$MH+0x0000000801bb7400'
Event: 219.667 Thread 0x0000011252b1aec0 Unloading class 0x0000000801bb6c00 'java/lang/invoke/LambdaForm$MH+0x0000000801bb6c00'
Event: 219.667 Thread 0x0000011252b1aec0 Unloading class 0x0000000801bb7000 'java/lang/invoke/LambdaForm$MH+0x0000000801bb7000'
Event: 219.667 Thread 0x0000011252b1aec0 Unloading class 0x0000000801bb6400 'java/lang/invoke/LambdaForm$MH+0x0000000801bb6400'
Event: 219.667 Thread 0x0000011252b1aec0 Unloading class 0x0000000801bb6000 'java/lang/invoke/LambdaForm$MH+0x0000000801bb6000'
Event: 219.667 Thread 0x0000011252b1aec0 Unloading class 0x0000000801bb5c00 'java/lang/invoke/LambdaForm$MH+0x0000000801bb5c00'
Event: 219.667 Thread 0x0000011252b1aec0 Unloading class 0x0000000801bb5800 'java/lang/invoke/LambdaForm$MH+0x0000000801bb5800'
Event: 219.667 Thread 0x0000011252b1aec0 Unloading class 0x0000000801bb5400 'java/lang/invoke/LambdaForm$MH+0x0000000801bb5400'
Event: 219.667 Thread 0x0000011252b1aec0 Unloading class 0x0000000801bb5000 'java/lang/invoke/LambdaForm$MH+0x0000000801bb5000'
Event: 219.667 Thread 0x0000011252b1aec0 Unloading class 0x0000000801bb4800 'java/lang/invoke/LambdaForm$DMH+0x0000000801bb4800'
Event: 219.667 Thread 0x0000011252b1aec0 Unloading class 0x0000000801bb4400 'java/lang/invoke/LambdaForm$MH+0x0000000801bb4400'
Event: 219.667 Thread 0x0000011252b1aec0 Unloading class 0x0000000801bb4000 'java/lang/invoke/LambdaForm$MH+0x0000000801bb4000'
Event: 219.667 Thread 0x0000011252b1aec0 Unloading class 0x0000000801bb3c00 'java/lang/invoke/LambdaForm$MH+0x0000000801bb3c00'
Event: 219.667 Thread 0x0000011252b1aec0 Unloading class 0x0000000801bb3800 'java/lang/invoke/LambdaForm$MH+0x0000000801bb3800'
Event: 219.667 Thread 0x0000011252b1aec0 Unloading class 0x0000000801bb3000 'java/lang/invoke/LambdaForm$MH+0x0000000801bb3000'
Event: 219.667 Thread 0x0000011252b1aec0 Unloading class 0x0000000801bb2800 'java/lang/invoke/LambdaForm$MH+0x0000000801bb2800'

Classes redefined (0 events):
No events

Internal exceptions (20 events):
Event: 218.451 Thread 0x00000112557b3820 Exception <a 'java/lang/NoSuchMethodError'{0x00000004168076c8}: 'java.lang.Object java.lang.invoke.DirectMethodHandle$Holder.newInvokeSpecial(java.lang.Object, java.lang.Object, int, int)'> (0x00000004168076c8) 
thrown [c:\jenkins\workspace\zulu17-build-win64\zulu-src.git\src\hotspot\share\interpreter\linkResolver.cpp, line 766]
Event: 218.451 Thread 0x00000112557b28f0 Exception <a 'java/lang/NoSuchMethodError'{0x00000004177ebcf0}: 'java.lang.Object java.lang.invoke.DirectMethodHandle$Holder.newInvokeSpecial(java.lang.Object, java.lang.Object, int, int)'> (0x00000004177ebcf0) 
thrown [c:\jenkins\workspace\zulu17-build-win64\zulu-src.git\src\hotspot\share\interpreter\linkResolver.cpp, line 766]
Event: 218.451 Thread 0x000001125e417fe0 Exception <a 'java/lang/NoSuchMethodError'{0x00000004177d6380}: 'java.lang.Object java.lang.invoke.DirectMethodHandle$Holder.invokeSpecial(java.lang.Object, java.lang.Object, java.lang.Object, int, int)'> (0x00000004177d6380) 
thrown [c:\jenkins\workspace\zulu17-build-win64\zulu-src.git\src\hotspot\share\interpreter\linkResolver.cpp, line 766]
Event: 218.451 Thread 0x000001125e41a860 Exception <a 'java/lang/NoSuchMethodError'{0x0000000417782130}: 'java.lang.Object java.lang.invoke.DirectMethodHandle$Holder.invokeSpecial(java.lang.Object, java.lang.Object, java.lang.Object, int, int)'> (0x0000000417782130) 
thrown [c:\jenkins\workspace\zulu17-build-win64\zulu-src.git\src\hotspot\share\interpreter\linkResolver.cpp, line 766]
Event: 218.453 Thread 0x000001125e4175c0 Exception <a 'java/lang/NoSuchMethodError'{0x0000000416809c18}: 'java.lang.Object java.lang.invoke.DirectMethodHandle$Holder.newInvokeSpecial(java.lang.Object, java.lang.Object, int, int)'> (0x0000000416809c18) 
thrown [c:\jenkins\workspace\zulu17-build-win64\zulu-src.git\src\hotspot\share\interpreter\linkResolver.cpp, line 766]
Event: 218.453 Thread 0x00000112557b2e00 Exception <a 'java/lang/NoSuchMethodError'{0x00000004177c27d0}: 'java.lang.Object java.lang.invoke.DirectMethodHandle$Holder.invokeSpecial(java.lang.Object, java.lang.Object, java.lang.Object, int, int)'> (0x00000004177c27d0) 
thrown [c:\jenkins\workspace\zulu17-build-win64\zulu-src.git\src\hotspot\share\interpreter\linkResolver.cpp, line 766]
Event: 218.453 Thread 0x00000112557b3310 Exception <a 'java/lang/NoSuchMethodError'{0x000000041681f678}: 'java.lang.Object java.lang.invoke.DirectMethodHandle$Holder.invokeSpecial(java.lang.Object, java.lang.Object, java.lang.Object, int, int)'> (0x000000041681f678) 
thrown [c:\jenkins\workspace\zulu17-build-win64\zulu-src.git\src\hotspot\share\interpreter\linkResolver.cpp, line 766]
Event: 218.454 Thread 0x00000112557b0580 Exception <a 'java/lang/NoSuchMethodError'{0x00000004176e29b0}: 'java.lang.Object java.lang.invoke.DirectMethodHandle$Holder.invokeSpecial(java.lang.Object, java.lang.Object, java.lang.Object, int, int)'> (0x00000004176e29b0) 
thrown [c:\jenkins\workspace\zulu17-build-win64\zulu-src.git\src\hotspot\share\interpreter\linkResolver.cpp, line 766]
Event: 218.454 Thread 0x00000112557b3d30 Exception <a 'java/lang/NoSuchMethodError'{0x000000041769efc8}: 'java.lang.Object java.lang.invoke.DirectMethodHandle$Holder.invokeSpecial(java.lang.Object, java.lang.Object, java.lang.Object, int, int)'> (0x000000041769efc8) 
thrown [c:\jenkins\workspace\zulu17-build-win64\zulu-src.git\src\hotspot\share\interpreter\linkResolver.cpp, line 766]
Event: 218.454 Thread 0x00000112557af650 Exception <a 'java/lang/NoSuchMethodError'{0x0000000416830a48}: 'java.lang.Object java.lang.invoke.Invokers$Holder.linkToTargetMethod(java.lang.Object, int, int, java.lang.Object)'> (0x0000000416830a48) 
thrown [c:\jenkins\workspace\zulu17-build-win64\zulu-src.git\src\hotspot\share\interpreter\linkResolver.cpp, line 766]
Event: 218.455 Thread 0x000001125e41a860 Exception <a 'java/lang/NoSuchMethodError'{0x000000041683e9c0}: 'java.lang.Object java.lang.invoke.Invokers$Holder.linkToTargetMethod(java.lang.Object, int, int, java.lang.Object)'> (0x000000041683e9c0) 
thrown [c:\jenkins\workspace\zulu17-build-win64\zulu-src.git\src\hotspot\share\interpreter\linkResolver.cpp, line 766]
Event: 218.455 Thread 0x000001125e417fe0 Exception <a 'java/lang/NoSuchMethodError'{0x00000004177d9998}: 'java.lang.Object java.lang.invoke.Invokers$Holder.linkToTargetMethod(java.lang.Object, int, int, java.lang.Object)'> (0x00000004177d9998) 
thrown [c:\jenkins\workspace\zulu17-build-win64\zulu-src.git\src\hotspot\share\interpreter\linkResolver.cpp, line 766]
Event: 218.455 Thread 0x00000112557b2e00 Exception <a 'java/lang/NoSuchMethodError'{0x00000004177c5de8}: 'java.lang.Object java.lang.invoke.Invokers$Holder.linkToTargetMethod(java.lang.Object, int, int, java.lang.Object)'> (0x00000004177c5de8) 
thrown [c:\jenkins\workspace\zulu17-build-win64\zulu-src.git\src\hotspot\share\interpreter\linkResolver.cpp, line 766]
Event: 218.455 Thread 0x00000112557b3820 Exception <a 'java/lang/NoSuchMethodError'{0x000000041683a3f0}: 'java.lang.Object java.lang.invoke.Invokers$Holder.linkToTargetMethod(java.lang.Object, int, int, java.lang.Object)'> (0x000000041683a3f0) 
thrown [c:\jenkins\workspace\zulu17-build-win64\zulu-src.git\src\hotspot\share\interpreter\linkResolver.cpp, line 766]
Event: 218.455 Thread 0x00000112557b28f0 Exception <a 'java/lang/NoSuchMethodError'{0x00000004177ef4c0}: 'java.lang.Object java.lang.invoke.Invokers$Holder.linkToTargetMethod(java.lang.Object, int, int, java.lang.Object)'> (0x00000004177ef4c0) 
thrown [c:\jenkins\workspace\zulu17-build-win64\zulu-src.git\src\hotspot\share\interpreter\linkResolver.cpp, line 766]
Event: 218.455 Thread 0x000001125e4175c0 Exception <a 'java/lang/NoSuchMethodError'{0x000000041680d3e8}: 'java.lang.Object java.lang.invoke.Invokers$Holder.linkToTargetMethod(java.lang.Object, int, int, java.lang.Object)'> (0x000000041680d3e8) 
thrown [c:\jenkins\workspace\zulu17-build-win64\zulu-src.git\src\hotspot\share\interpreter\linkResolver.cpp, line 766]
Event: 218.456 Thread 0x00000112557b3310 Exception <a 'java/lang/NoSuchMethodError'{0x0000000416822c90}: 'java.lang.Object java.lang.invoke.Invokers$Holder.linkToTargetMethod(java.lang.Object, int, int, java.lang.Object)'> (0x0000000416822c90) 
thrown [c:\jenkins\workspace\zulu17-build-win64\zulu-src.git\src\hotspot\share\interpreter\linkResolver.cpp, line 766]
Event: 218.456 Thread 0x00000112557b0580 Exception <a 'java/lang/NoSuchMethodError'{0x00000004176e5fc8}: 'java.lang.Object java.lang.invoke.Invokers$Holder.linkToTargetMethod(java.lang.Object, int, int, java.lang.Object)'> (0x00000004176e5fc8) 
thrown [c:\jenkins\workspace\zulu17-build-win64\zulu-src.git\src\hotspot\share\interpreter\linkResolver.cpp, line 766]
Event: 218.456 Thread 0x00000112557b3d30 Exception <a 'java/lang/NoSuchMethodError'{0x00000004176a25e0}: 'java.lang.Object java.lang.invoke.Invokers$Holder.linkToTargetMethod(java.lang.Object, int, int, java.lang.Object)'> (0x00000004176a25e0) 
thrown [c:\jenkins\workspace\zulu17-build-win64\zulu-src.git\src\hotspot\share\interpreter\linkResolver.cpp, line 766]
Event: 219.080 Thread 0x00000112557b1ed0 Exception <a 'java/lang/NoSuchMethodError'{0x0000000416ee7260}: 'int java.lang.invoke.DirectMethodHandle$Holder.invokeVirtual(java.lang.Object, java.lang.Object, int)'> (0x0000000416ee7260) 
thrown [c:\jenkins\workspace\zulu17-build-win64\zulu-src.git\src\hotspot\share\interpreter\linkResolver.cpp, line 766]

VM Operations (20 events):
Event: 217.609 Executing VM operation: G1Concurrent done
Event: 218.615 Executing VM operation: Cleanup
Event: 218.621 Executing VM operation: Cleanup done
Event: 219.082 Executing VM operation: HandshakeAllThreads
Event: 219.099 Executing VM operation: HandshakeAllThreads done
Event: 219.327 Executing VM operation: G1CollectForAllocation
Event: 219.337 Executing VM operation: G1CollectForAllocation done
Event: 219.524 Executing VM operation: G1CollectForAllocation
Event: 219.593 Executing VM operation: G1CollectForAllocation done
Event: 219.619 Executing VM operation: G1CollectForAllocation
Event: 219.621 Executing VM operation: G1CollectForAllocation done
Event: 219.621 Executing VM operation: HandshakeAllThreads
Event: 219.621 Executing VM operation: HandshakeAllThreads done
Event: 219.663 Executing VM operation: G1Concurrent
Event: 219.693 Executing VM operation: G1Concurrent done
Event: 219.705 Executing VM operation: G1Concurrent
Event: 219.707 Executing VM operation: G1Concurrent done
Event: 219.747 Executing VM operation: G1CollectForAllocation
Event: 219.773 Executing VM operation: G1CollectForAllocation done
Event: 219.785 Executing VM operation: G1CollectForAllocation

Events (20 events):
Event: 218.955 loading class java/util/concurrent/RecursiveAction done
Event: 219.080 loading class java/util/Spliterators$2Adapter
Event: 219.081 loading class java/util/Spliterators$2Adapter done
Event: 219.402 Thread 0x00000112584bf4a0 Thread exited: 0x00000112584bf4a0
Event: 219.410 Thread 0x00000112614f6e70 Thread added: 0x00000112614f6e70
Event: 219.410 Thread 0x00000112614f7910 Thread added: 0x00000112614f7910
Event: 219.413 loading class java/util/regex/Matcher$ImmutableMatchResult
Event: 219.414 loading class java/util/regex/Matcher$ImmutableMatchResult done
Event: 219.449 loading class java/time/ZonedDateTime$1
Event: 219.449 loading class java/time/ZonedDateTime$1 done
Event: 219.627 Thread 0x00000112538fe530 flushing nmethod 0x000001122b906810
Event: 219.629 Thread 0x00000112538fe530 flushing nmethod 0x000001122bc4ce90
Event: 219.633 Thread 0x00000112538fe530 flushing nmethod 0x000001122c037990
Event: 219.633 Thread 0x00000112538fe530 flushing nmethod 0x000001122c038410
Event: 219.633 Thread 0x00000112538fe530 flushing nmethod 0x000001122c105510
Event: 219.634 Thread 0x00000112538fe530 flushing nmethod 0x000001122c109010
Event: 219.634 Thread 0x00000112538fe530 flushing nmethod 0x000001122c11fa90
Event: 219.634 Thread 0x00000112538fe530 flushing nmethod 0x000001122c123090
Event: 219.634 Thread 0x00000112538fe530 flushing nmethod 0x000001122c128510
Event: 219.651 Thread 0x00000112538fe530 flushing nmethod 0x000001122c531290


Dynamic libraries:
0x00007ff7edb20000 - 0x00007ff7edb2e000 	C:\Users\admin\anaconda3\envs\my_conda_01\Library\bin\java.exe
0x00007ffebc750000 - 0x00007ffebc948000 	C:\Windows\SYSTEM32\ntdll.dll
0x00007ffebbf90000 - 0x00007ffebc04d000 	C:\Windows\System32\KERNEL32.DLL
0x00007ffeb9fc0000 - 0x00007ffeba2b6000 	C:\Windows\System32\KERNELBASE.dll
0x00007ffeba420000 - 0x00007ffeba520000 	C:\Windows\System32\ucrtbase.dll
0x00007ffe84c70000 - 0x00007ffe84c88000 	C:\Users\admin\anaconda3\envs\my_conda_01\Library\bin\jli.dll
0x00007ffebabc0000 - 0x00007ffebad5e000 	C:\Windows\System32\USER32.dll
0x00007ffeba680000 - 0x00007ffeba6a2000 	C:\Windows\System32\win32u.dll
0x00007ffebb530000 - 0x00007ffebb55c000 	C:\Windows\System32\GDI32.dll
0x00007ffeb9e30000 - 0x00007ffeb9f4a000 	C:\Windows\System32\gdi32full.dll
0x00007ffeba5e0000 - 0x00007ffeba67d000 	C:\Windows\System32\msvcp_win.dll
0x00007ffe84c50000 - 0x00007ffe84c69000 	C:\Users\admin\anaconda3\envs\my_conda_01\Library\bin\VCRUNTIME140.dll
0x00007ffea7950000 - 0x00007ffea7bea000 	C:\Windows\WinSxS\amd64_microsoft.windows.common-controls_6595b64144ccf1df_6.0.19041.3636_none_60b6a03d71f818d5\COMCTL32.dll
0x00007ffebc660000 - 0x00007ffebc6fe000 	C:\Windows\System32\msvcrt.dll
0x00007ffeba9f0000 - 0x00007ffebaa20000 	C:\Windows\System32\IMM32.DLL
0x00007ffe84c40000 - 0x00007ffe84c4c000 	C:\Users\admin\anaconda3\envs\my_conda_01\Library\bin\vcruntime140_1.dll
0x00007ffe84ba0000 - 0x00007ffe84c31000 	C:\Users\admin\anaconda3\envs\my_conda_01\Library\bin\msvcp140.dll
0x00007ffe5e6d0000 - 0x00007ffe5f338000 	C:\Users\admin\anaconda3\envs\my_conda_01\Library\bin\server\jvm.dll
0x00007ffeba7b0000 - 0x00007ffeba85f000 	C:\Windows\System32\ADVAPI32.dll
0x00007ffebad60000 - 0x00007ffebadfc000 	C:\Windows\System32\sechost.dll
0x00007ffebc530000 - 0x00007ffebc656000 	C:\Windows\System32\RPCRT4.dll
0x00007ffebc520000 - 0x00007ffebc528000 	C:\Windows\System32\PSAPI.DLL
0x00007ffea33a0000 - 0x00007ffea33a9000 	C:\Windows\SYSTEM32\WSOCK32.dll
0x00007ffebb300000 - 0x00007ffebb36b000 	C:\Windows\System32\WS2_32.dll
0x00007ffeb1300000 - 0x00007ffeb1327000 	C:\Windows\SYSTEM32\WINMM.dll
0x00007ffeb3ec0000 - 0x00007ffeb3eca000 	C:\Windows\SYSTEM32\VERSION.dll
0x00007ffeb7d10000 - 0x00007ffeb7d22000 	C:\Windows\SYSTEM32\kernel.appcore.dll
0x00007ffe84b90000 - 0x00007ffe84b9a000 	C:\Users\admin\anaconda3\envs\my_conda_01\Library\bin\jimage.dll
0x00007ffeb3470000 - 0x00007ffeb3654000 	C:\Windows\SYSTEM32\DBGHELP.DLL
0x00007ffea14d0000 - 0x00007ffea1504000 	C:\Windows\SYSTEM32\dbgcore.DLL
0x00007ffeba550000 - 0x00007ffeba5d2000 	C:\Windows\System32\bcryptPrimitives.dll
0x00007ffe84b60000 - 0x00007ffe84b85000 	C:\Users\admin\anaconda3\envs\my_conda_01\Library\bin\java.dll
0x00007ffe84a80000 - 0x00007ffe84b57000 	C:\Users\admin\anaconda3\envs\my_conda_01\Library\bin\jsvml.dll
0x00007ffebb560000 - 0x00007ffebbca5000 	C:\Windows\System32\SHELL32.dll
0x00007ffeb7f10000 - 0x00007ffeb86ab000 	C:\Windows\SYSTEM32\windows.storage.dll
0x00007ffebae00000 - 0x00007ffebb154000 	C:\Windows\System32\combase.dll
0x00007ffeb9870000 - 0x00007ffeb989d000 	C:\Windows\SYSTEM32\Wldp.dll
0x00007ffeba940000 - 0x00007ffeba9ed000 	C:\Windows\System32\SHCORE.dll
0x00007ffebb3d0000 - 0x00007ffebb425000 	C:\Windows\System32\shlwapi.dll
0x00007ffeb9d60000 - 0x00007ffeb9d85000 	C:\Windows\SYSTEM32\profapi.dll
0x00007ffe84a60000 - 0x00007ffe84a79000 	C:\Users\admin\anaconda3\envs\my_conda_01\Library\bin\net.dll
0x00007ffeb29f0000 - 0x00007ffeb2afa000 	C:\Windows\SYSTEM32\WINHTTP.dll
0x00007ffeb9560000 - 0x00007ffeb95ca000 	C:\Windows\system32\mswsock.dll
0x00007ffe84a40000 - 0x00007ffe84a56000 	C:\Users\admin\anaconda3\envs\my_conda_01\Library\bin\nio.dll
0x00007ffe84a20000 - 0x00007ffe84a38000 	C:\Users\admin\anaconda3\envs\my_conda_01\Library\bin\zip.dll
0x00007ffe84a10000 - 0x00007ffe84a19000 	C:\Users\admin\anaconda3\envs\my_conda_01\Library\bin\management.dll
0x00007ffe84a00000 - 0x00007ffe84a0b000 	C:\Users\admin\anaconda3\envs\my_conda_01\Library\bin\management_ext.dll
0x00007ffea4e00000 - 0x00007ffea4e17000 	C:\Windows\system32\napinsp.dll
0x00007ffea4bf0000 - 0x00007ffea4c0b000 	C:\Windows\system32\pnrpnsp.dll
0x00007ffea4bd0000 - 0x00007ffea4be5000 	C:\Windows\system32\wshbth.dll
0x00007ffeb5ac0000 - 0x00007ffeb5add000 	C:\Windows\system32\NLAapi.dll
0x00007ffeb9250000 - 0x00007ffeb928b000 	C:\Windows\SYSTEM32\IPHLPAPI.DLL
0x00007ffeb9290000 - 0x00007ffeb935a000 	C:\Windows\SYSTEM32\DNSAPI.dll
0x00007ffebc700000 - 0x00007ffebc708000 	C:\Windows\System32\NSI.dll
0x00007ffea4a20000 - 0x00007ffea4a32000 	C:\Windows\System32\winrnr.dll
0x00007ffeaacb0000 - 0x00007ffeaacba000 	C:\Windows\System32\rasadhlp.dll
0x00007ffeb0710000 - 0x00007ffeb0790000 	C:\Windows\System32\fwpuclnt.dll
0x00007ffeba520000 - 0x00007ffeba547000 	C:\Windows\System32\bcrypt.dll
0x00007ffe849f0000 - 0x00007ffe84a00000 	C:\Users\admin\anaconda3\envs\my_conda_01\Library\bin\verify.dll
0x00007ffeb9760000 - 0x00007ffeb9778000 	C:\Windows\SYSTEM32\CRYPTSP.dll
0x00007ffeb8e30000 - 0x00007ffeb8e64000 	C:\Windows\system32\rsaenh.dll
0x00007ffeb9d20000 - 0x00007ffeb9d4e000 	C:\Windows\SYSTEM32\USERENV.dll
0x00007ffeb9750000 - 0x00007ffeb975c000 	C:\Windows\SYSTEM32\CRYPTBASE.dll
0x00007ffeb3720000 - 0x00007ffeb3737000 	C:\Windows\SYSTEM32\dhcpcsvc6.DLL
0x00007ffeb4160000 - 0x00007ffeb417d000 	C:\Windows\SYSTEM32\dhcpcsvc.DLL
0x00007ffe849d0000 - 0x00007ffe849ea000 	C:\Hadoop\hadoop-3.3.6\bin\hadoop.dll
0x00007ffea6d50000 - 0x00007ffea6d69000 	C:\Windows\SYSTEM32\NETAPI32.dll
0x0000000062e40000 - 0x0000000062f12000 	C:\Windows\SYSTEM32\MSVCR100.dll
0x00007ffeb8b60000 - 0x00007ffeb8baf000 	C:\Windows\SYSTEM32\AUTHZ.dll
0x00007ffeb9360000 - 0x00007ffeb936c000 	C:\Windows\SYSTEM32\NETUTILS.DLL
0x00007ffeaa5c0000 - 0x00007ffeaa5d9000 	C:\Windows\SYSTEM32\SAMCLI.DLL
0x00007ffe849c0000 - 0x00007ffe849c9000 	C:\Users\admin\anaconda3\envs\my_conda_01\Library\bin\jaas.dll
0x00007ffe849b0000 - 0x00007ffe849bd000 	C:\Users\admin\anaconda3\envs\my_conda_01\Library\bin\sunmscapi.dll
0x00007ffeba2c0000 - 0x00007ffeba41d000 	C:\Windows\System32\CRYPT32.dll
0x00007ffeb98e0000 - 0x00007ffeb9907000 	C:\Windows\SYSTEM32\ncrypt.dll
0x00007ffeb98a0000 - 0x00007ffeb98db000 	C:\Windows\SYSTEM32\NTASN1.dll
0x00007ffe496b0000 - 0x00007ffe496b7000 	C:\Windows\system32\wshunix.dll
0x00007ffeb8f50000 - 0x00007ffeb8f83000 	C:\Windows\SYSTEM32\ntmarta.dll
0x0000000066f40000 - 0x0000000066fc4000 	C:\Users\admin\AppData\Local\Temp\liblz4-java-10789576800825187431.so
0x0000000070fc0000 - 0x000000007108d000 	C:\Users\admin\AppData\Local\Temp\snappy-1.1.10-1d9c564c-93c3-4292-9b84-0a241facf6b6-snappyjava.dll

dbghelp: loaded successfully - version: 4.0.5 - missing functions: none
symbol engine: initialized successfully - sym options: 0x614 - pdb path: .;C:\Users\admin\anaconda3\envs\my_conda_01\Library\bin;C:\Windows\SYSTEM32;C:\Windows\WinSxS\amd64_microsoft.windows.common-controls_6595b64144ccf1df_6.0.19041.3636_none_60b6a03d71f818d5;C:\Users\admin\anaconda3\envs\my_conda_01\Library\bin\server;C:\Hadoop\hadoop-3.3.6\bin;C:\Users\admin\AppData\Local\Temp

VM Arguments:
jvm_args: -Xmx9g -XX:+IgnoreUnrecognizedVMOptions --add-opens=java.base/java.lang=ALL-UNNAMED --add-opens=java.base/java.lang.invoke=ALL-UNNAMED --add-opens=java.base/java.lang.reflect=ALL-UNNAMED --add-opens=java.base/java.io=ALL-UNNAMED --add-opens=java.base/java.net=ALL-UNNAMED --add-opens=java.base/java.nio=ALL-UNNAMED --add-opens=java.base/java.util=ALL-UNNAMED --add-opens=java.base/java.util.concurrent=ALL-UNNAMED --add-opens=java.base/java.util.concurrent.atomic=ALL-UNNAMED --add-opens=java.base/sun.nio.ch=ALL-UNNAMED --add-opens=java.base/sun.nio.cs=ALL-UNNAMED --add-opens=java.base/sun.security.action=ALL-UNNAMED --add-opens=java.base/sun.util.calendar=ALL-UNNAMED --add-opens=java.security.jgss/sun.security.krb5=ALL-UNNAMED -Djdk.reflect.useDirectMethodHandle=false 
java_command: org.apache.spark.deploy.SparkSubmit --conf spark.executor.memory=9g --conf spark.driver.memory=9g --conf spark.local.dir=D:/spark_tmp --conf spark.driver.maxResultSize=5g --conf spark.app.name=voice_metadata integrating operation --conf spark.pyspark.python=C:/Users/admin/anaconda3/envs/my_conda_01/python.exe pyspark-shell
java_class_path (initial): C:\Users\admin\anaconda3\envs\my_conda_01\Lib\site-packages\pyspark\bin\..\conf;C:\Users\admin\anaconda3\envs\my_conda_01\Lib\site-packages\pyspark\bin\..\jars\activation-1.1.1.jar;C:\Users\admin\anaconda3\envs\my_conda_01\Lib\site-packages\pyspark\bin\..\jars\aircompressor-0.21.jar;C:\Users\admin\anaconda3\envs\my_conda_01\Lib\site-packages\pyspark\bin\..\jars\algebra_2.12-2.0.1.jar;C:\Users\admin\anaconda3\envs\my_conda_01\Lib\site-packages\pyspark\bin\..\jars\annotations-17.0.0.jar;C:\Users\admin\anaconda3\envs\my_conda_01\Lib\site-packages\pyspark\bin\..\jars\antlr-runtime-3.5.2.jar;C:\Users\admin\anaconda3\envs\my_conda_01\Lib\site-packages\pyspark\bin\..\jars\antlr4-runtime-4.9.3.jar;C:\Users\admin\anaconda3\envs\my_conda_01\Lib\site-packages\pyspark\bin\..\jars\aopalliance-repackaged-2.6.1.jar;C:\Users\admin\anaconda3\envs\my_conda_01\Lib\site-packages\pyspark\bin\..\jars\arpack-3.0.3.jar;C:\Users\admin\anaconda3\envs\my_conda_01\Lib\site-packages\pyspark\bin\..\jars\arpack_combined_all-0.1.jar;C:\Users\admin\anaconda3\envs\my_conda_01\Lib\site-packages\pyspark\bin\..\jars\arrow-format-11.0.0.jar;C:\Users\admin\anaconda3\envs\my_conda_01\Lib\site-packages\pyspark\bin\..\jars\arrow-memory-core-11.0.0.jar;C:\Users\admin\anaconda3\envs\my_conda_01\Lib\site-packages\pyspark\bin\..\jars\arrow-memory-netty-11.0.0.jar;C:\Users\admin\anaconda3\envs\my_conda_01\Lib\site-packages\pyspark\bin\..\jars\arrow-vector-11.0.0.jar;C:\Users\admin\anaconda3\envs\my_conda_01\Lib\site-packages\pyspark\bin\..\jars\audience-annotations-0.5.0.jar;C:\Users\admin\anaconda3\envs\my_conda_01\Lib\site-packages\pyspark\bin\..\jars\avro-1.11.1.jar;C:\Users\admin\anaconda3\envs\my_conda_01\Lib\site-packages\pyspark\bin\..\jars\avro-ipc-1.11.1.jar;C:\Users\admin\anaconda3\envs\my_conda_01\Lib\site-packages\pyspark\bin\..\jars\avro-mapred-1.11.1.jar;C:\Users\admin\anaconda3\envs\my_conda_01\Lib\site-packages\pyspark\bin\..\jars\blas-3.0.3.jar;C:\Users\admin\anacond
Launcher Type: SUN_STANDARD

[Global flags]
     intx CICompilerCount                          = 4                                         {product} {ergonomic}
     uint ConcGCThreads                            = 3                                         {product} {ergonomic}
     uint G1ConcRefinementThreads                  = 10                                        {product} {ergonomic}
   size_t G1HeapRegionSize                         = 8388608                                   {product} {ergonomic}
    uintx GCDrainStackTargetSize                   = 64                                        {product} {ergonomic}
     bool IgnoreUnrecognizedVMOptions              = true                                      {product} {command line}
   size_t InitialHeapSize                          = 469762048                                 {product} {ergonomic}
   size_t MarkStackSize                            = 4194304                                   {product} {ergonomic}
   size_t MaxHeapSize                              = 9663676416                                {product} {command line}
   size_t MaxNewSize                               = 5796528128                                {product} {ergonomic}
   size_t MinHeapDeltaBytes                        = 8388608                                   {product} {ergonomic}
   size_t MinHeapSize                              = 8388608                                   {product} {ergonomic}
    uintx NonNMethodCodeHeapSize                   = 5839372                                {pd product} {ergonomic}
    uintx NonProfiledCodeHeapSize                  = 122909434                              {pd product} {ergonomic}
    uintx ProfiledCodeHeapSize                     = 122909434                              {pd product} {ergonomic}
    uintx ReservedCodeCacheSize                    = 251658240                              {pd product} {ergonomic}
     bool SegmentedCodeCache                       = true                                      {product} {ergonomic}
   size_t SoftMaxHeapSize                          = 9663676416                             {manageable} {ergonomic}
     bool UseCompressedClassPointers               = true                           {product lp64_product} {ergonomic}
     bool UseCompressedOops                        = true                           {product lp64_product} {ergonomic}
     bool UseG1GC                                  = true                                      {product} {ergonomic}
     bool UseLargePagesIndividualAllocation        = false                                  {pd product} {ergonomic}

Logging:
Log output configuration:
 #0: stdout all=warning uptime,level,tags
 #1: stderr all=off uptime,level,tags

Environment Variables:
JAVA_HOME=C:\Users\admin\anaconda3\envs\my_conda_01\Library
CLASSPATH=C:\Progra~1\Java\jdk-20\lib
PATH=C:\Users\admin\anaconda3\envs\my_conda_01;C:\Users\admin\anaconda3\envs\my_conda_01\Library\mingw-w64\bin;C:\Users\admin\anaconda3\envs\my_conda_01\Library\usr\bin;C:\Users\admin\anaconda3\envs\my_conda_01\Library\bin;C:\Users\admin\anaconda3\envs\my_conda_01\Scripts;C:\Users\admin\anaconda3\envs\my_conda_01\bin;C:\Users\admin\anaconda3\condabin;C:\Windows\system32;C:\Windows;C:\Windows\System32\Wbem;C:\Windows;\System32\WindowsPowerShell\v1.0;C:\ProgramData;C:\Users\admin\AppData\Roaming;C:\Program Files\Common Files;C:\Program Files\ (x86)\Common Files;C:\Windows\System32\Drivers\DriverData;\Users\admin;C:\Users\admin\AppData\Local\Google\Cloud SDK\google-cloud-sdk\platform\PowerShell;C:\Program Files;C:\Program Files (x86);C:\ProgramData;C:\Users\admin\AppData\Local\Temp;C:\Windows\System32\OpenSSH;C:\Hadoop\hadoop-3.3.6\bin;C:\Hadoop\hadoop-3.3.6\sbin;C:\Progra~1\Java\jdk-20\bin;C:\Program Files\Git\cmd;C:\Users\admin\protoc\protoc-24.0-win64\bin;C:\Program Files\nodejs;C:\Program Files\dotnet;C:\Users\admin\anaconda3\protobuf_work;C:\Program Files\ffmpeg\bin;C:\Users\admin\anaconda3;C:\Users\admin\anaconda3\Library\bin;C:\Users\admin\anaconda3\Scripts;C:\Users\admin\anaconda3;C:\Users\admin;C:\Users\admin\protoc\protoc-24.0-win64\bin;C:\Users\admin\AppData\Local\Google\Cloud SDK\google-cloud-sdk\bin;C:\Users\admin\AppData\Local\Google\Cloud SDK\google-cloud-sdk\platform\google_appengine;C:\Users\admin\AppData\Roaming\npm;C:\Users\admin\AppData\Local\Programs\Microsoft VS Code\bin;C:\Program Files\mysql-connector-j-8.2.0;.
USERNAME=admin
OS=Windows_NT
PROCESSOR_IDENTIFIER=AMD64 Family 25 Model 80 Stepping 0, AuthenticAMD



---------------  S Y S T E M  ---------------

OS:
 Windows 10 , 64 bit Build 19041 (10.0.19041.3636)
OS uptime: 4 days 9:39 hours

CPU: total 12 (initial active 12) (12 cores per cpu, 2 threads per core) family 25 model 80 stepping 0 microcode 0x0, cx8, cmov, fxsr, ht, mmx, 3dnowpref, sse, sse2, sse3, ssse3, sse4a, sse4.1, sse4.2, popcnt, lzcnt, tsc, tscinvbit, avx, avx2, aes, erms, clmul, bmi1, bmi2, adx, sha, fma, vzeroupper, clflush, clflushopt

Memory: 4k page, system-wide physical 28565M (4872M free)
TotalPageFile size 57100M (AvailPageFile size 13M)
current process WorkingSet (physical memory assigned to process): 715M, peak: 715M
current process commit charge ("private bytes"): 877M, peak: 1325M

vm_info: OpenJDK 64-Bit Server VM (17.0.3+7-LTS) for windows-amd64 JRE (17.0.3+7-LTS) (Zulu17.34+19-CA), built on Apr 17 2022 09:18:41 by "zulu_re" with MS VC++ 16.10 / 16.11 (VS2019)

END.
